<!DOCTYPE html PUBLIC "-//W3C//DTD XHTML 1.1//EN" "https://www.w3.org/TR/xhtml11/DTD/xhtml11.dtd">
<html xmlns="https://www.w3.org/1999/xhtml">
<head>
<meta http-equiv="content-type" content="text/html; charset=UTF-8"/>
<title>TestNG Report</title>
<style type="text/css">table {margin-bottom:10px;border-collapse:collapse;empty-cells:show}th,td {border:1px solid #009;padding:.25em .5em}th {vertical-align:bottom}td {vertical-align:top}table a {font-weight:bold}.stripe td {background-color: #E6EBF9}.num {text-align:right}.passedodd td {background-color: #3F3}.passedeven td {background-color: #0A0}.skippedodd td {background-color: #DDD}.skippedeven td {background-color: #CCC}.failedodd td,.attn {background-color: #F33}.failedeven td,.stripe .attn {background-color: #D00}.stacktrace {white-space:pre;font-family:monospace}.totop {font-size:85%;text-align:center;border-bottom:2px solid #000}.invisible {display:none}</style>
</head>
<body>
<table>
<tr><th>Test</th><th># Passed</th><th># Skipped</th><th># Retried</th><th># Failed</th><th>Time (ms)</th><th>Included Groups</th><th>Excluded Groups</th></tr>
<tr><th colspan="8">Suite</th></tr>
<tr><td><a href="#t0">Test</a></td><td class="num">7</td><td class="num">0</td><td class="num">0</td><td class="num">0</td><td class="num">354,427</td><td></td><td></td></tr>
<tr class="stripe"><td><a href="#t1">fedwiretest</a></td><td class="num">6</td><td class="num">0</td><td class="num">0</td><td class="num attn">2</td><td class="num">393,443</td><td></td><td></td></tr>
<tr><th>Total</th><th class="num">13</th><th class="num">0</th><th class="num">0</th><th class="num attn">2</th><th class="num">747,870</th><th colspan="2"></th></tr>
</table>
<table id='summary'><thead><tr><th>Class</th><th>Method</th><th>Start</th><th>Time (ms)</th></tr></thead><tbody><tr><th colspan="4">Suite</th></tr></tbody><tbody id="t0"><tr><th colspan="4">Test &#8212; passed</th></tr><tr class="passedeven"><td rowspan="1">IndividualFlows.FednowBatchTest</td><td><a href="#m0">Batchcreation</a></td><td rowspan="1">1753167266023</td><td rowspan="1">6278</td></tr><tr class="passedodd"><td rowspan="1">IndividualFlows.Fednow_ExecutionsSummary</td><td><a href="#m1">FednowBatchExecutionSummaryResults</a></td><td rowspan="1">1753167543857</td><td rowspan="1">75889</td></tr><tr class="passedeven"><td rowspan="1">IndividualFlows.Reports_AccountReportingFednow</td><td><a href="#m2">AccountReportingTest_FedNow</a></td><td rowspan="1">1753167272303</td><td rowspan="1">201155</td></tr><tr class="passedodd"><td rowspan="1">IndividualFlows.Reports_BroadcastMessagesFednow</td><td><a href="#m3">BroadcastMessages_FedNow_PB</a></td><td rowspan="1">1753167501157</td><td rowspan="1">22929</td></tr><tr class="passedeven"><td rowspan="1">IndividualFlows.Reports_ParticipantFileFednow</td><td><a href="#m4">ParticipantFile_FedNow</a></td><td rowspan="1">1753167524089</td><td rowspan="1">19767</td></tr><tr class="passedodd"><td rowspan="1">IndividualFlows.Reports_RetrivalRequestFednow</td><td><a href="#m5">RetrivalRequestTest_FedNow</a></td><td rowspan="1">1753167473464</td><td rowspan="1">27688</td></tr><tr class="passedeven"><td rowspan="1">com.test.LoginTest</td><td><a href="#m6">Login</a></td><td rowspan="1">1753167265387</td><td rowspan="1">628</td></tr></tbody>
<tbody id="t1"><tr><th colspan="4">fedwiretest &#8212; failed</th></tr><tr class="failedeven"><td rowspan="1">IndividualFlows.Reports_RetrivalRequestFedwire</td><td><a href="#m7">RetrivalRequestTest_Fedwire</a></td><td rowspan="1">1753167771286</td><td rowspan="1">19900</td></tr><tr class="failedodd"><td rowspan="1">com.test.LoginTest</td><td><a href="#m8">Login</a></td><td rowspan="1">1753167619779</td><td rowspan="1">10148</td></tr><tr><th colspan="4">fedwiretest &#8212; passed</th></tr><tr class="passedeven"><td rowspan="1">IndividualFlows.FedwireBatchTest</td><td><a href="#m9">Batchcreation</a></td><td rowspan="1">1753167629934</td><td rowspan="1">8274</td></tr><tr class="passedodd"><td rowspan="1">IndividualFlows.Fedwire_ExecutionsSummaryTest</td><td><a href="#m10">FedwireBatchExecutionSummaryResults</a></td><td rowspan="1">1753167881758</td><td rowspan="1">131459</td></tr><tr class="passedeven"><td rowspan="1">IndividualFlows.Reports_AccountReportingFedwire</td><td><a href="#m11">AccountReportingTest_Fedwire</a></td><td rowspan="1">1753167638210</td><td rowspan="1">133070</td></tr><tr class="passedodd"><td rowspan="2">IndividualFlows.Reports_BroadcastMessagesFedwire</td><td><a href="#m12">BroadcastMessages_Fedwire_FB</a></td><td rowspan="1">1753167813019</td><td rowspan="1">45164</td></tr><tr class="passedodd"><td><a href="#m13">BroadcastMessages_Fedwire_PB</a></td><td rowspan="1">1753167791195</td><td rowspan="1">21820</td></tr><tr class="passedeven"><td rowspan="1">IndividualFlows.Reports_ParticipantFileFedwire</td><td><a href="#m14">ParticipantFile_Fedwire</a></td><td rowspan="1">1753167858188</td><td rowspan="1">23568</td></tr></tbody>
</table>
<h2>Test</h2><h3 id="m0">IndividualFlows.FednowBatchTest#Batchcreation</h3><table class="result"><tr><th class="invisible"/></tr></table><p class="totop"><a href="#summary">back to summary</a></p>
<h3 id="m1">IndividualFlows.Fednow_ExecutionsSummary#FednowBatchExecutionSummaryResults</h3><table class="result"><tr><th class="invisible"/></tr></table><p class="totop"><a href="#summary">back to summary</a></p>
<h3 id="m2">IndividualFlows.Reports_AccountReportingFednow#AccountReportingTest_FedNow</h3><table class="result"><tr><th class="invisible"/></tr></table><p class="totop"><a href="#summary">back to summary</a></p>
<h3 id="m3">IndividualFlows.Reports_BroadcastMessagesFednow#BroadcastMessages_FedNow_PB</h3><table class="result"><tr><th class="invisible"/></tr></table><p class="totop"><a href="#summary">back to summary</a></p>
<h3 id="m4">IndividualFlows.Reports_ParticipantFileFednow#ParticipantFile_FedNow</h3><table class="result"><tr><th class="invisible"/></tr></table><p class="totop"><a href="#summary">back to summary</a></p>
<h3 id="m5">IndividualFlows.Reports_RetrivalRequestFednow#RetrivalRequestTest_FedNow</h3><table class="result"><tr><th class="invisible"/></tr></table><p class="totop"><a href="#summary">back to summary</a></p>
<h3 id="m6">com.test.LoginTest#Login</h3><table class="result"><tr><th class="invisible"/></tr></table><p class="totop"><a href="#summary">back to summary</a></p>
<h2>fedwiretest</h2><h3 id="m7">IndividualFlows.Reports_RetrivalRequestFedwire#RetrivalRequestTest_Fedwire</h3><table class="result"><tr><th>Exception</th></tr><tr><td><div class="stacktrace">org.openqa.selenium.NoSuchElementException: no such element: Unable to locate element: {&quot;method&quot;:&quot;xpath&quot;,&quot;selector&quot;:&quot;(//div[contains(@class,&apos;ant-table-container&apos;)]//following::input)[2]&quot;}
  (Session info: chrome=138.0.7204.158)
For documentation on this error, please visit: https://www.selenium.dev/documentation/webdriver/troubleshooting/errors#no-such-element-exception
Build info: version: &apos;4.11.0&apos;, revision: &apos;040bc5406b&apos;
System info: os.name: &apos;Windows 10&apos;, os.arch: &apos;amd64&apos;, os.version: &apos;10.0&apos;, java.version: &apos;18.0.2&apos;
Driver info: org.openqa.selenium.chrome.ChromeDriver
Command: [b253bdc998e869e52f70b1c47abdd78d, findElement {using=xpath, value=(//div[contains(@class,&apos;ant-table-container&apos;)]//following::input)[2]}]
Capabilities {acceptInsecureCerts: false, browserName: chrome, browserVersion: 138.0.7204.158, chrome: {chromedriverVersion: 138.0.7204.157 (e533e98b126..., userDataDir: C:\Users\user\AppData\Local...}, fedcm:accounts: true, goog:chromeOptions: {debuggerAddress: localhost:51111}, networkConnectionEnabled: false, pageLoadStrategy: normal, platformName: windows, proxy: Proxy(), se:cdp: ws://localhost:51111/devtoo..., se:cdpVersion: 138.0.7204.158, setWindowRect: true, strictFileInteractability: false, timeouts: {implicit: 0, pageLoad: 300000, script: 30000}, unhandledPromptBehavior: dismiss and notify, webauthn:extension:credBlob: true, webauthn:extension:largeBlob: true, webauthn:extension:minPinLength: true, webauthn:extension:prf: true, webauthn:virtualAuthenticators: true}
Session ID: b253bdc998e869e52f70b1c47abdd78d
	at org.openqa.selenium.remote.codec.w3c.W3CHttpResponseCodec.createException(W3CHttpResponseCodec.java:200)
	at org.openqa.selenium.remote.codec.w3c.W3CHttpResponseCodec.decode(W3CHttpResponseCodec.java:133)
	at org.openqa.selenium.remote.codec.w3c.W3CHttpResponseCodec.decode(W3CHttpResponseCodec.java:52)
	at org.openqa.selenium.remote.HttpCommandExecutor.execute(HttpCommandExecutor.java:191)
	at org.openqa.selenium.remote.service.DriverCommandExecutor.invokeExecute(DriverCommandExecutor.java:196)
	at org.openqa.selenium.remote.service.DriverCommandExecutor.execute(DriverCommandExecutor.java:171)
	at org.openqa.selenium.remote.RemoteWebDriver.execute(RemoteWebDriver.java:518)
	at org.openqa.selenium.remote.ElementLocation$ElementFinder$2.findElement(ElementLocation.java:165)
	at org.openqa.selenium.remote.ElementLocation.findElement(ElementLocation.java:59)
	at org.openqa.selenium.remote.RemoteWebDriver.findElement(RemoteWebDriver.java:355)
	at org.openqa.selenium.remote.RemoteWebDriver.findElement(RemoteWebDriver.java:349)
	at org.openqa.selenium.support.pagefactory.DefaultElementLocator.findElement(DefaultElementLocator.java:68)
	at org.openqa.selenium.support.pagefactory.internal.LocatingElementHandler.invoke(LocatingElementHandler.java:38)
	at jdk.proxy2/jdk.proxy2.$Proxy19.getWrappedElement(Unknown Source)
	at org.openqa.selenium.remote.internal.WebElementToJsonConverter.apply(WebElementToJsonConverter.java:51)
	at java.base/java.util.stream.ReferencePipeline$3$1.accept(ReferencePipeline.java:197)
	at java.base/java.util.Spliterators$ArraySpliterator.forEachRemaining(Spliterators.java:992)
	at java.base/java.util.stream.AbstractPipeline.copyInto(AbstractPipeline.java:509)
	at java.base/java.util.stream.AbstractPipeline.wrapAndCopyInto(AbstractPipeline.java:499)
	at java.base/java.util.stream.ReduceOps$ReduceOp.evaluateSequential(ReduceOps.java:921)
	at java.base/java.util.stream.AbstractPipeline.evaluate(AbstractPipeline.java:234)
	at java.base/java.util.stream.ReferencePipeline.collect(ReferencePipeline.java:682)
	at org.openqa.selenium.remote.RemoteWebDriver.executeScript(RemoteWebDriver.java:461)
	at base.BaseClass.JSClick(BaseClass.java:644)
	at com.pages.Reports_RetrivalRequestPage.FedwireRRreport(Reports_RetrivalRequestPage.java:196)
	at IndividualFlows.Reports_RetrivalRequestFedwire.RetrivalRequestTest_Fedwire(Reports_RetrivalRequestFedwire.java:56)
	at java.base/java.util.ArrayList.forEach(ArrayList.java:1511)
... Removed 28 stack frames</div></td></tr></table><p class="totop"><a href="#summary">back to summary</a></p>
<h3 id="m8">com.test.LoginTest#Login</h3><table class="result"><tr><th>Exception</th></tr><tr><td><div class="stacktrace">org.openqa.selenium.NoSuchElementException: no such element: Unable to locate element: {&quot;method&quot;:&quot;xpath&quot;,&quot;selector&quot;:&quot;//input[@placeholder=&apos;Enter your email address&apos;]&quot;}
  (Session info: chrome=138.0.7204.158)
For documentation on this error, please visit: https://www.selenium.dev/documentation/webdriver/troubleshooting/errors#no-such-element-exception
Build info: version: &apos;4.11.0&apos;, revision: &apos;040bc5406b&apos;
System info: os.name: &apos;Windows 10&apos;, os.arch: &apos;amd64&apos;, os.version: &apos;10.0&apos;, java.version: &apos;18.0.2&apos;
Driver info: org.openqa.selenium.chrome.ChromeDriver
Command: [b253bdc998e869e52f70b1c47abdd78d, findElement {using=xpath, value=//input[@placeholder=&apos;Enter your email address&apos;]}]
Capabilities {acceptInsecureCerts: false, browserName: chrome, browserVersion: 138.0.7204.158, chrome: {chromedriverVersion: 138.0.7204.157 (e533e98b126..., userDataDir: C:\Users\user\AppData\Local...}, fedcm:accounts: true, goog:chromeOptions: {debuggerAddress: localhost:51111}, networkConnectionEnabled: false, pageLoadStrategy: normal, platformName: windows, proxy: Proxy(), se:cdp: ws://localhost:51111/devtoo..., se:cdpVersion: 138.0.7204.158, setWindowRect: true, strictFileInteractability: false, timeouts: {implicit: 0, pageLoad: 300000, script: 30000}, unhandledPromptBehavior: dismiss and notify, webauthn:extension:credBlob: true, webauthn:extension:largeBlob: true, webauthn:extension:minPinLength: true, webauthn:extension:prf: true, webauthn:virtualAuthenticators: true}
Session ID: b253bdc998e869e52f70b1c47abdd78d
	at org.openqa.selenium.remote.codec.w3c.W3CHttpResponseCodec.createException(W3CHttpResponseCodec.java:200)
	at org.openqa.selenium.remote.codec.w3c.W3CHttpResponseCodec.decode(W3CHttpResponseCodec.java:133)
	at org.openqa.selenium.remote.codec.w3c.W3CHttpResponseCodec.decode(W3CHttpResponseCodec.java:52)
	at org.openqa.selenium.remote.HttpCommandExecutor.execute(HttpCommandExecutor.java:191)
	at org.openqa.selenium.remote.service.DriverCommandExecutor.invokeExecute(DriverCommandExecutor.java:196)
	at org.openqa.selenium.remote.service.DriverCommandExecutor.execute(DriverCommandExecutor.java:171)
	at org.openqa.selenium.remote.RemoteWebDriver.execute(RemoteWebDriver.java:518)
	at org.openqa.selenium.remote.ElementLocation$ElementFinder$2.findElement(ElementLocation.java:165)
	at org.openqa.selenium.remote.ElementLocation.findElement(ElementLocation.java:59)
	at org.openqa.selenium.remote.RemoteWebDriver.findElement(RemoteWebDriver.java:355)
	at org.openqa.selenium.remote.RemoteWebDriver.findElement(RemoteWebDriver.java:349)
	at org.openqa.selenium.support.pagefactory.DefaultElementLocator.findElement(DefaultElementLocator.java:68)
	at org.openqa.selenium.support.pagefactory.internal.LocatingElementHandler.invoke(LocatingElementHandler.java:38)
	at jdk.proxy2/jdk.proxy2.$Proxy19.sendKeys(Unknown Source)
	at base.BaseClass.sendkeys(BaseClass.java:608)
	at com.test.LoginTest.Login(LoginTest.java:17)
	at java.base/java.util.ArrayList.forEach(ArrayList.java:1511)
... Removed 28 stack frames</div></td></tr></table><p class="totop"><a href="#summary">back to summary</a></p>
<h3 id="m9">IndividualFlows.FedwireBatchTest#Batchcreation</h3><table class="result"><tr><th class="invisible"/></tr></table><p class="totop"><a href="#summary">back to summary</a></p>
<h3 id="m10">IndividualFlows.Fedwire_ExecutionsSummaryTest#FedwireBatchExecutionSummaryResults</h3><table class="result"><tr><th class="invisible"/></tr></table><p class="totop"><a href="#summary">back to summary</a></p>
<h3 id="m11">IndividualFlows.Reports_AccountReportingFedwire#AccountReportingTest_Fedwire</h3><table class="result"><tr><th class="invisible"/></tr></table><p class="totop"><a href="#summary">back to summary</a></p>
<h3 id="m12">IndividualFlows.Reports_BroadcastMessagesFedwire#BroadcastMessages_Fedwire_FB</h3><table class="result"><tr><th class="invisible"/></tr></table><p class="totop"><a href="#summary">back to summary</a></p>
<h3 id="m13">IndividualFlows.Reports_BroadcastMessagesFedwire#BroadcastMessages_Fedwire_PB</h3><table class="result"><tr><th class="invisible"/></tr></table><p class="totop"><a href="#summary">back to summary</a></p>
<h3 id="m14">IndividualFlows.Reports_ParticipantFileFedwire#ParticipantFile_Fedwire</h3><table class="result"><tr><th class="invisible"/></tr></table><p class="totop"><a href="#summary">back to summary</a></p>
</body>
</html>
