<?xml version="1.0" encoding="UTF-8"?>
<testng-results ignored="0" total="15" passed="13" failed="2" skipped="0">
  <reporter-output>
  </reporter-output>
  <suite started-at="2025-07-22T12:24:25 IST" name="Suite" finished-at="2025-07-22T12:36:53 IST" duration-ms="747896">
    <groups>
    </groups>
    <test started-at="2025-07-22T12:24:25 IST" name="Test" finished-at="2025-07-22T12:30:19 IST" duration-ms="354427">
      <class name="IndividualFlows.FednowBatchTest">
        <test-method signature="Batchcreation()[pri:0, instance:IndividualFlows.FednowBatchTest@71e9ddb4]" started-at="2025-07-22T12:24:26 IST" name="Batchcreation" finished-at="2025-07-22T12:24:32 IST" duration-ms="6278" status="PASS">
          <reporter-output>
          </reporter-output>
        </test-method> <!-- Batchcreation -->
      </class> <!-- IndividualFlows.FednowBatchTest -->
      <class name="IndividualFlows.Fednow_ExecutionsSummary">
        <test-method signature="FednowBatchExecutionSummaryResults()[pri:0, instance:IndividualFlows.Fednow_ExecutionsSummary@33c911a1]" started-at="2025-07-22T12:29:03 IST" name="FednowBatchExecutionSummaryResults" finished-at="2025-07-22T12:30:19 IST" duration-ms="75889" status="PASS">
          <reporter-output>
          </reporter-output>
        </test-method> <!-- FednowBatchExecutionSummaryResults -->
      </class> <!-- IndividualFlows.Fednow_ExecutionsSummary -->
      <class name="IndividualFlows.Reports_AccountReportingFednow">
        <test-method signature="AccountReportingTest_FedNow()[pri:0, instance:IndividualFlows.Reports_AccountReportingFednow@394df057]" started-at="2025-07-22T12:24:32 IST" name="AccountReportingTest_FedNow" finished-at="2025-07-22T12:27:53 IST" duration-ms="201155" status="PASS">
          <reporter-output>
          </reporter-output>
        </test-method> <!-- AccountReportingTest_FedNow -->
      </class> <!-- IndividualFlows.Reports_AccountReportingFednow -->
      <class name="IndividualFlows.Reports_ParticipantFileFednow">
        <test-method signature="ParticipantFile_FedNow()[pri:0, instance:IndividualFlows.Reports_ParticipantFileFednow@65d09a04]" started-at="2025-07-22T12:28:44 IST" name="ParticipantFile_FedNow" finished-at="2025-07-22T12:29:03 IST" duration-ms="19767" status="PASS">
          <reporter-output>
          </reporter-output>
        </test-method> <!-- ParticipantFile_FedNow -->
      </class> <!-- IndividualFlows.Reports_ParticipantFileFednow -->
      <class name="IndividualFlows.Reports_BroadcastMessagesFednow">
        <test-method signature="BroadcastMessages_FedNow_PB()[pri:0, instance:IndividualFlows.Reports_BroadcastMessagesFednow@5aebe890]" started-at="2025-07-22T12:28:21 IST" name="BroadcastMessages_FedNow_PB" finished-at="2025-07-22T12:28:44 IST" duration-ms="22929" status="PASS">
          <reporter-output>
          </reporter-output>
        </test-method> <!-- BroadcastMessages_FedNow_PB -->
      </class> <!-- IndividualFlows.Reports_BroadcastMessagesFednow -->
      <class name="IndividualFlows.Reports_RetrivalRequestFednow">
        <test-method signature="RetrivalRequestTest_FedNow()[pri:0, instance:IndividualFlows.Reports_RetrivalRequestFednow@4961f6af]" started-at="2025-07-22T12:27:53 IST" name="RetrivalRequestTest_FedNow" finished-at="2025-07-22T12:28:21 IST" duration-ms="27688" status="PASS">
          <reporter-output>
          </reporter-output>
        </test-method> <!-- RetrivalRequestTest_FedNow -->
      </class> <!-- IndividualFlows.Reports_RetrivalRequestFednow -->
      <class name="com.test.LoginTest">
        <test-method signature="Login()[pri:0, instance:com.test.LoginTest@79d8407f]" started-at="2025-07-22T12:24:25 IST" name="Login" finished-at="2025-07-22T12:24:26 IST" duration-ms="628" status="PASS">
          <reporter-output>
          </reporter-output>
        </test-method> <!-- Login -->
      </class> <!-- com.test.LoginTest -->
    </test> <!-- Test -->
    <test started-at="2025-07-22T12:30:19 IST" name="fedwiretest" finished-at="2025-07-22T12:36:53 IST" duration-ms="393443">
      <class name="IndividualFlows.Fedwire_ExecutionsSummaryTest">
        <test-method signature="FedwireBatchExecutionSummaryResults()[pri:0, instance:IndividualFlows.Fedwire_ExecutionsSummaryTest@65b3f4a4]" started-at="2025-07-22T12:34:41 IST" name="FedwireBatchExecutionSummaryResults" finished-at="2025-07-22T12:36:53 IST" duration-ms="131459" status="PASS">
          <reporter-output>
          </reporter-output>
        </test-method> <!-- FedwireBatchExecutionSummaryResults -->
      </class> <!-- IndividualFlows.Fedwire_ExecutionsSummaryTest -->
      <class name="IndividualFlows.FedwireBatchTest">
        <test-method signature="Batchcreation()[pri:0, instance:IndividualFlows.FedwireBatchTest@37f1104d]" started-at="2025-07-22T12:30:29 IST" name="Batchcreation" finished-at="2025-07-22T12:30:38 IST" duration-ms="8274" status="PASS">
          <reporter-output>
          </reporter-output>
        </test-method> <!-- Batchcreation -->
      </class> <!-- IndividualFlows.FedwireBatchTest -->
      <class name="IndividualFlows.Reports_BroadcastMessagesFedwire">
        <test-method signature="BroadcastMessages_Fedwire_PB()[pri:1, instance:IndividualFlows.Reports_BroadcastMessagesFedwire@2f54a33d]" started-at="2025-07-22T12:33:11 IST" name="BroadcastMessages_Fedwire_PB" finished-at="2025-07-22T12:33:33 IST" duration-ms="21820" status="PASS">
          <reporter-output>
          </reporter-output>
        </test-method> <!-- BroadcastMessages_Fedwire_PB -->
        <test-method signature="BroadcastMessages_Fedwire_FB()[pri:2, instance:IndividualFlows.Reports_BroadcastMessagesFedwire@2f54a33d]" started-at="2025-07-22T12:33:33 IST" name="BroadcastMessages_Fedwire_FB" finished-at="2025-07-22T12:34:18 IST" duration-ms="45164" status="PASS">
          <reporter-output>
          </reporter-output>
        </test-method> <!-- BroadcastMessages_Fedwire_FB -->
      </class> <!-- IndividualFlows.Reports_BroadcastMessagesFedwire -->
      <class name="IndividualFlows.Reports_AccountReportingFedwire">
        <test-method signature="AccountReportingTest_Fedwire()[pri:0, instance:IndividualFlows.Reports_AccountReportingFedwire@55740540]" started-at="2025-07-22T12:30:38 IST" name="AccountReportingTest_Fedwire" finished-at="2025-07-22T12:32:51 IST" duration-ms="133070" status="PASS">
          <reporter-output>
          </reporter-output>
        </test-method> <!-- AccountReportingTest_Fedwire -->
      </class> <!-- IndividualFlows.Reports_AccountReportingFedwire -->
      <class name="IndividualFlows.Reports_ParticipantFileFedwire">
        <test-method signature="ParticipantFile_Fedwire()[pri:0, instance:IndividualFlows.Reports_ParticipantFileFedwire@1018bde2]" started-at="2025-07-22T12:34:18 IST" name="ParticipantFile_Fedwire" finished-at="2025-07-22T12:34:41 IST" duration-ms="23568" status="PASS">
          <reporter-output>
          </reporter-output>
        </test-method> <!-- ParticipantFile_Fedwire -->
      </class> <!-- IndividualFlows.Reports_ParticipantFileFedwire -->
      <class name="IndividualFlows.Reports_RetrivalRequestFedwire">
        <test-method signature="RetrivalRequestTest_Fedwire()[pri:0, instance:IndividualFlows.Reports_RetrivalRequestFedwire@60015ef5]" started-at="2025-07-22T12:32:51 IST" name="RetrivalRequestTest_Fedwire" finished-at="2025-07-22T12:33:11 IST" duration-ms="19900" status="FAIL">
          <exception class="org.openqa.selenium.NoSuchElementException">
            <message>
              <![CDATA[no such element: Unable to locate element: {"method":"xpath","selector":"(//div[contains(@class,'ant-table-container')]//following::input)[2]"}
  (Session info: chrome=138.0.7204.158)
For documentation on this error, please visit: https://www.selenium.dev/documentation/webdriver/troubleshooting/errors#no-such-element-exception
Build info: version: '4.11.0', revision: '040bc5406b'
System info: os.name: 'Windows 10', os.arch: 'amd64', os.version: '10.0', java.version: '18.0.2'
Driver info: org.openqa.selenium.chrome.ChromeDriver
Command: [b253bdc998e869e52f70b1c47abdd78d, findElement {using=xpath, value=(//div[contains(@class,'ant-table-container')]//following::input)[2]}]
Capabilities {acceptInsecureCerts: false, browserName: chrome, browserVersion: 138.0.7204.158, chrome: {chromedriverVersion: 138.0.7204.157 (e533e98b126..., userDataDir: C:\Users\user\AppData\Local...}, fedcm:accounts: true, goog:chromeOptions: {debuggerAddress: localhost:51111}, networkConnectionEnabled: false, pageLoadStrategy: normal, platformName: windows, proxy: Proxy(), se:cdp: ws://localhost:51111/devtoo..., se:cdpVersion: 138.0.7204.158, setWindowRect: true, strictFileInteractability: false, timeouts: {implicit: 0, pageLoad: 300000, script: 30000}, unhandledPromptBehavior: dismiss and notify, webauthn:extension:credBlob: true, webauthn:extension:largeBlob: true, webauthn:extension:minPinLength: true, webauthn:extension:prf: true, webauthn:virtualAuthenticators: true}
Session ID: b253bdc998e869e52f70b1c47abdd78d]]>
            </message>
            <full-stacktrace>
              <![CDATA[org.openqa.selenium.NoSuchElementException: no such element: Unable to locate element: {"method":"xpath","selector":"(//div[contains(@class,'ant-table-container')]//following::input)[2]"}
  (Session info: chrome=138.0.7204.158)
For documentation on this error, please visit: https://www.selenium.dev/documentation/webdriver/troubleshooting/errors#no-such-element-exception
Build info: version: '4.11.0', revision: '040bc5406b'
System info: os.name: 'Windows 10', os.arch: 'amd64', os.version: '10.0', java.version: '18.0.2'
Driver info: org.openqa.selenium.chrome.ChromeDriver
Command: [b253bdc998e869e52f70b1c47abdd78d, findElement {using=xpath, value=(//div[contains(@class,'ant-table-container')]//following::input)[2]}]
Capabilities {acceptInsecureCerts: false, browserName: chrome, browserVersion: 138.0.7204.158, chrome: {chromedriverVersion: 138.0.7204.157 (e533e98b126..., userDataDir: C:\Users\user\AppData\Local...}, fedcm:accounts: true, goog:chromeOptions: {debuggerAddress: localhost:51111}, networkConnectionEnabled: false, pageLoadStrategy: normal, platformName: windows, proxy: Proxy(), se:cdp: ws://localhost:51111/devtoo..., se:cdpVersion: 138.0.7204.158, setWindowRect: true, strictFileInteractability: false, timeouts: {implicit: 0, pageLoad: 300000, script: 30000}, unhandledPromptBehavior: dismiss and notify, webauthn:extension:credBlob: true, webauthn:extension:largeBlob: true, webauthn:extension:minPinLength: true, webauthn:extension:prf: true, webauthn:virtualAuthenticators: true}
Session ID: b253bdc998e869e52f70b1c47abdd78d
at java.base/jdk.internal.reflect.DirectConstructorHandleAccessor.newInstance(DirectConstructorHandleAccessor.java:67)
at java.base/java.lang.reflect.Constructor.newInstanceWithCaller(Constructor.java:499)
at java.base/java.lang.reflect.Constructor.newInstance(Constructor.java:483)
at org.openqa.selenium.remote.codec.w3c.W3CHttpResponseCodec.createException(W3CHttpResponseCodec.java:200)
at org.openqa.selenium.remote.codec.w3c.W3CHttpResponseCodec.decode(W3CHttpResponseCodec.java:133)
at org.openqa.selenium.remote.codec.w3c.W3CHttpResponseCodec.decode(W3CHttpResponseCodec.java:52)
at org.openqa.selenium.remote.HttpCommandExecutor.execute(HttpCommandExecutor.java:191)
at org.openqa.selenium.remote.service.DriverCommandExecutor.invokeExecute(DriverCommandExecutor.java:196)
at org.openqa.selenium.remote.service.DriverCommandExecutor.execute(DriverCommandExecutor.java:171)
at org.openqa.selenium.remote.RemoteWebDriver.execute(RemoteWebDriver.java:518)
at org.openqa.selenium.remote.ElementLocation$ElementFinder$2.findElement(ElementLocation.java:165)
at org.openqa.selenium.remote.ElementLocation.findElement(ElementLocation.java:59)
at org.openqa.selenium.remote.RemoteWebDriver.findElement(RemoteWebDriver.java:355)
at org.openqa.selenium.remote.RemoteWebDriver.findElement(RemoteWebDriver.java:349)
at org.openqa.selenium.support.pagefactory.DefaultElementLocator.findElement(DefaultElementLocator.java:68)
at org.openqa.selenium.support.pagefactory.internal.LocatingElementHandler.invoke(LocatingElementHandler.java:38)
at jdk.proxy2/jdk.proxy2.$Proxy19.getWrappedElement(Unknown Source)
at org.openqa.selenium.remote.internal.WebElementToJsonConverter.apply(WebElementToJsonConverter.java:51)
at java.base/java.util.stream.ReferencePipeline$3$1.accept(ReferencePipeline.java:197)
at java.base/java.util.Spliterators$ArraySpliterator.forEachRemaining(Spliterators.java:992)
at java.base/java.util.stream.AbstractPipeline.copyInto(AbstractPipeline.java:509)
at java.base/java.util.stream.AbstractPipeline.wrapAndCopyInto(AbstractPipeline.java:499)
at java.base/java.util.stream.ReduceOps$ReduceOp.evaluateSequential(ReduceOps.java:921)
at java.base/java.util.stream.AbstractPipeline.evaluate(AbstractPipeline.java:234)
at java.base/java.util.stream.ReferencePipeline.collect(ReferencePipeline.java:682)
at org.openqa.selenium.remote.RemoteWebDriver.executeScript(RemoteWebDriver.java:461)
at base.BaseClass.JSClick(BaseClass.java:644)
at com.pages.Reports_RetrivalRequestPage.FedwireRRreport(Reports_RetrivalRequestPage.java:196)
at IndividualFlows.Reports_RetrivalRequestFedwire.RetrivalRequestTest_Fedwire(Reports_RetrivalRequestFedwire.java:56)
at java.base/jdk.internal.reflect.DirectMethodHandleAccessor.invoke(DirectMethodHandleAccessor.java:104)
at java.base/java.lang.reflect.Method.invoke(Method.java:577)
at org.testng.internal.invokers.MethodInvocationHelper.invokeMethod(MethodInvocationHelper.java:141)
at org.testng.internal.invokers.TestInvoker.invokeMethod(TestInvoker.java:686)
at org.testng.internal.invokers.TestInvoker.invokeTestMethod(TestInvoker.java:230)
at org.testng.internal.invokers.MethodRunner.runInSequence(MethodRunner.java:63)
at org.testng.internal.invokers.TestInvoker$MethodInvocationAgent.invoke(TestInvoker.java:992)
at org.testng.internal.invokers.TestInvoker.invokeTestMethods(TestInvoker.java:203)
at org.testng.internal.invokers.TestMethodWorker.invokeTestMethods(TestMethodWorker.java:154)
at org.testng.internal.invokers.TestMethodWorker.run(TestMethodWorker.java:134)
at java.base/java.util.ArrayList.forEach(ArrayList.java:1511)
at org.testng.TestRunner.privateRun(TestRunner.java:739)
at org.testng.TestRunner.run(TestRunner.java:614)
at org.testng.SuiteRunner.runTest(SuiteRunner.java:421)
at org.testng.SuiteRunner.runSequentially(SuiteRunner.java:413)
at org.testng.SuiteRunner.privateRun(SuiteRunner.java:373)
at org.testng.SuiteRunner.run(SuiteRunner.java:312)
at org.testng.SuiteRunnerWorker.runSuite(SuiteRunnerWorker.java:52)
at org.testng.SuiteRunnerWorker.run(SuiteRunnerWorker.java:95)
at org.testng.TestNG.runSuitesSequentially(TestNG.java:1274)
at org.testng.TestNG.runSuitesLocally(TestNG.java:1208)
at org.testng.TestNG.runSuites(TestNG.java:1112)
at org.testng.TestNG.run(TestNG.java:1079)
at org.testng.remote.AbstractRemoteTestNG.run(AbstractRemoteTestNG.java:115)
at org.testng.remote.RemoteTestNG.initAndRun(RemoteTestNG.java:293)
at org.testng.remote.RemoteTestNG.main(RemoteTestNG.java:91)
]]>
            </full-stacktrace>
          </exception> <!-- org.openqa.selenium.NoSuchElementException -->
          <reporter-output>
          </reporter-output>
        </test-method> <!-- RetrivalRequestTest_Fedwire -->
      </class> <!-- IndividualFlows.Reports_RetrivalRequestFedwire -->
      <class name="com.test.LoginTest">
        <test-method is-config="true" signature="setup()[pri:0, instance:com.test.LoginTest@740773a3]" started-at="2025-07-22T12:24:17 IST" name="setup" finished-at="2025-07-22T12:24:25 IST" duration-ms="7414" status="PASS">
          <reporter-output>
          </reporter-output>
        </test-method> <!-- setup -->
        <test-method signature="Login()[pri:0, instance:com.test.LoginTest@740773a3]" started-at="2025-07-22T12:30:19 IST" name="Login" finished-at="2025-07-22T12:30:29 IST" duration-ms="10148" status="FAIL">
          <exception class="org.openqa.selenium.NoSuchElementException">
            <message>
              <![CDATA[no such element: Unable to locate element: {"method":"xpath","selector":"//input[@placeholder='Enter your email address']"}
  (Session info: chrome=138.0.7204.158)
For documentation on this error, please visit: https://www.selenium.dev/documentation/webdriver/troubleshooting/errors#no-such-element-exception
Build info: version: '4.11.0', revision: '040bc5406b'
System info: os.name: 'Windows 10', os.arch: 'amd64', os.version: '10.0', java.version: '18.0.2'
Driver info: org.openqa.selenium.chrome.ChromeDriver
Command: [b253bdc998e869e52f70b1c47abdd78d, findElement {using=xpath, value=//input[@placeholder='Enter your email address']}]
Capabilities {acceptInsecureCerts: false, browserName: chrome, browserVersion: 138.0.7204.158, chrome: {chromedriverVersion: 138.0.7204.157 (e533e98b126..., userDataDir: C:\Users\user\AppData\Local...}, fedcm:accounts: true, goog:chromeOptions: {debuggerAddress: localhost:51111}, networkConnectionEnabled: false, pageLoadStrategy: normal, platformName: windows, proxy: Proxy(), se:cdp: ws://localhost:51111/devtoo..., se:cdpVersion: 138.0.7204.158, setWindowRect: true, strictFileInteractability: false, timeouts: {implicit: 0, pageLoad: 300000, script: 30000}, unhandledPromptBehavior: dismiss and notify, webauthn:extension:credBlob: true, webauthn:extension:largeBlob: true, webauthn:extension:minPinLength: true, webauthn:extension:prf: true, webauthn:virtualAuthenticators: true}
Session ID: b253bdc998e869e52f70b1c47abdd78d]]>
            </message>
            <full-stacktrace>
              <![CDATA[org.openqa.selenium.NoSuchElementException: no such element: Unable to locate element: {"method":"xpath","selector":"//input[@placeholder='Enter your email address']"}
  (Session info: chrome=138.0.7204.158)
For documentation on this error, please visit: https://www.selenium.dev/documentation/webdriver/troubleshooting/errors#no-such-element-exception
Build info: version: '4.11.0', revision: '040bc5406b'
System info: os.name: 'Windows 10', os.arch: 'amd64', os.version: '10.0', java.version: '18.0.2'
Driver info: org.openqa.selenium.chrome.ChromeDriver
Command: [b253bdc998e869e52f70b1c47abdd78d, findElement {using=xpath, value=//input[@placeholder='Enter your email address']}]
Capabilities {acceptInsecureCerts: false, browserName: chrome, browserVersion: 138.0.7204.158, chrome: {chromedriverVersion: 138.0.7204.157 (e533e98b126..., userDataDir: C:\Users\user\AppData\Local...}, fedcm:accounts: true, goog:chromeOptions: {debuggerAddress: localhost:51111}, networkConnectionEnabled: false, pageLoadStrategy: normal, platformName: windows, proxy: Proxy(), se:cdp: ws://localhost:51111/devtoo..., se:cdpVersion: 138.0.7204.158, setWindowRect: true, strictFileInteractability: false, timeouts: {implicit: 0, pageLoad: 300000, script: 30000}, unhandledPromptBehavior: dismiss and notify, webauthn:extension:credBlob: true, webauthn:extension:largeBlob: true, webauthn:extension:minPinLength: true, webauthn:extension:prf: true, webauthn:virtualAuthenticators: true}
Session ID: b253bdc998e869e52f70b1c47abdd78d
at java.base/jdk.internal.reflect.DirectConstructorHandleAccessor.newInstance(DirectConstructorHandleAccessor.java:67)
at java.base/java.lang.reflect.Constructor.newInstanceWithCaller(Constructor.java:499)
at java.base/java.lang.reflect.Constructor.newInstance(Constructor.java:483)
at org.openqa.selenium.remote.codec.w3c.W3CHttpResponseCodec.createException(W3CHttpResponseCodec.java:200)
at org.openqa.selenium.remote.codec.w3c.W3CHttpResponseCodec.decode(W3CHttpResponseCodec.java:133)
at org.openqa.selenium.remote.codec.w3c.W3CHttpResponseCodec.decode(W3CHttpResponseCodec.java:52)
at org.openqa.selenium.remote.HttpCommandExecutor.execute(HttpCommandExecutor.java:191)
at org.openqa.selenium.remote.service.DriverCommandExecutor.invokeExecute(DriverCommandExecutor.java:196)
at org.openqa.selenium.remote.service.DriverCommandExecutor.execute(DriverCommandExecutor.java:171)
at org.openqa.selenium.remote.RemoteWebDriver.execute(RemoteWebDriver.java:518)
at org.openqa.selenium.remote.ElementLocation$ElementFinder$2.findElement(ElementLocation.java:165)
at org.openqa.selenium.remote.ElementLocation.findElement(ElementLocation.java:59)
at org.openqa.selenium.remote.RemoteWebDriver.findElement(RemoteWebDriver.java:355)
at org.openqa.selenium.remote.RemoteWebDriver.findElement(RemoteWebDriver.java:349)
at org.openqa.selenium.support.pagefactory.DefaultElementLocator.findElement(DefaultElementLocator.java:68)
at org.openqa.selenium.support.pagefactory.internal.LocatingElementHandler.invoke(LocatingElementHandler.java:38)
at jdk.proxy2/jdk.proxy2.$Proxy19.sendKeys(Unknown Source)
at base.BaseClass.sendkeys(BaseClass.java:608)
at com.test.LoginTest.Login(LoginTest.java:17)
at java.base/jdk.internal.reflect.DirectMethodHandleAccessor.invoke(DirectMethodHandleAccessor.java:104)
at java.base/java.lang.reflect.Method.invoke(Method.java:577)
at org.testng.internal.invokers.MethodInvocationHelper.invokeMethod(MethodInvocationHelper.java:141)
at org.testng.internal.invokers.TestInvoker.invokeMethod(TestInvoker.java:686)
at org.testng.internal.invokers.TestInvoker.invokeTestMethod(TestInvoker.java:230)
at org.testng.internal.invokers.MethodRunner.runInSequence(MethodRunner.java:63)
at org.testng.internal.invokers.TestInvoker$MethodInvocationAgent.invoke(TestInvoker.java:992)
at org.testng.internal.invokers.TestInvoker.invokeTestMethods(TestInvoker.java:203)
at org.testng.internal.invokers.TestMethodWorker.invokeTestMethods(TestMethodWorker.java:154)
at org.testng.internal.invokers.TestMethodWorker.run(TestMethodWorker.java:134)
at java.base/java.util.ArrayList.forEach(ArrayList.java:1511)
at org.testng.TestRunner.privateRun(TestRunner.java:739)
at org.testng.TestRunner.run(TestRunner.java:614)
at org.testng.SuiteRunner.runTest(SuiteRunner.java:421)
at org.testng.SuiteRunner.runSequentially(SuiteRunner.java:413)
at org.testng.SuiteRunner.privateRun(SuiteRunner.java:373)
at org.testng.SuiteRunner.run(SuiteRunner.java:312)
at org.testng.SuiteRunnerWorker.runSuite(SuiteRunnerWorker.java:52)
at org.testng.SuiteRunnerWorker.run(SuiteRunnerWorker.java:95)
at org.testng.TestNG.runSuitesSequentially(TestNG.java:1274)
at org.testng.TestNG.runSuitesLocally(TestNG.java:1208)
at org.testng.TestNG.runSuites(TestNG.java:1112)
at org.testng.TestNG.run(TestNG.java:1079)
at org.testng.remote.AbstractRemoteTestNG.run(AbstractRemoteTestNG.java:115)
at org.testng.remote.RemoteTestNG.initAndRun(RemoteTestNG.java:293)
at org.testng.remote.RemoteTestNG.main(RemoteTestNG.java:91)
]]>
            </full-stacktrace>
          </exception> <!-- org.openqa.selenium.NoSuchElementException -->
          <reporter-output>
          </reporter-output>
        </test-method> <!-- Login -->
        <test-method is-config="true" signature="tearDown()[pri:0, instance:com.test.LoginTest@740773a3]" started-at="2025-07-22T12:36:53 IST" name="tearDown" finished-at="2025-07-22T12:37:00 IST" duration-ms="7532" status="PASS">
          <reporter-output>
          </reporter-output>
        </test-method> <!-- tearDown -->
      </class> <!-- com.test.LoginTest -->
    </test> <!-- fedwiretest -->
  </suite> <!-- Suite -->
</testng-results>
